<?xml version="1.0" encoding="UTF-8"?>
<!-- Generated by org.testng.reporters.JUnitReportReporter -->
<testsuite hostname="LAPTOP-I9MDT5IG" failures="0" tests="1" name="cucumberOptions.TestNgTestRunner" time="0.143" errors="0" timestamp="2021-11-25T12:19:03 IST" skipped="0">
  <testcase classname="cucumberOptions.TestNgTestRunner" name="runScenario" time="0.143"/>
  <system-out/>
</testsuite> <!-- cucumberOptions.TestNgTestRunner -->
